2025-06-20 16:08:00 | WARN | repo=system-int | action=test | passed=true
2025-09-02 16:37:00 | WARN | repo=system-int | action=commit
2025-07-20 11:29:00 | WARN | repo=system-int | action=commit
2025-02-11 13:41:00 | INFO | repo=system-int | action=pull
2025-03-19 14:50:00 | DEBUG | repo=system-int | action=commit
2025-06-17 15:22:00 | INFO | repo=system-int | action=commit
2025-08-17 13:35:00 | WARN | repo=system-int | action=commit
2025-12-09 19:33:00 | INFO | repo=system-int | action=commit
2025-01-05 15:59:00 | WARN | repo=system-int | action=commit
2025-10-08 21:01:00 | WARN | repo=system-int | action=test | passed=true
2025-08-03 15:19:00 | DEBUG | repo=system-int | action=commit
2025-08-19 09:42:00 | WARN | repo=system-int | action=commit
2025-01-28 18:00:00 | INFO | repo=system-int | action=commit
2025-03-26 17:25:00 | INFO | repo=system-int | action=commit
2025-03-24 12:38:00 | INFO | repo=system-int | action=commit
2025-09-13 18:54:00 | WARN | repo=system-int | action=commit
2025-12-18 19:38:00 | DEBUG | repo=system-int | action=commit
2025-12-26 07:10:00 | WARN | repo=system-int | action=commit
2025-12-15 13:43:00 | INFO | repo=system-int | action=commit
2025-04-18 07:11:00 | DEBUG | repo=system-int | action=commit
2025-08-10 16:26:00 | INFO | repo=system-int | action=commit
2025-06-12 09:01:00 | INFO | repo=system-int | action=commit
2025-12-23 21:21:00 | WARN | repo=system-int | action=commit
2025-09-09 17:06:00 | DEBUG | repo=system-int | action=commit
2025-07-24 14:58:00 | DEBUG | repo=system-int | action=commit
2025-08-04 20:26:00 | INFO | repo=system-int | action=commit
2025-07-20 19:22:00 | INFO | repo=system-int | action=commit
2025-11-04 20:26:00 | DEBUG | repo=system-int | action=commit
2025-09-24 17:33:00 | DEBUG | repo=system-int | action=commit
2025-11-11 14:11:00 | INFO | repo=system-int | action=commit
2025-07-07 09:55:00 | DEBUG | repo=system-int | action=commit
2025-10-25 11:17:00 | WARN | repo=system-int | action=commit
2025-11-08 08:39:00 | DEBUG | repo=system-int | action=pull
2025-07-09 11:17:00 | INFO | repo=system-int | action=commit
2025-06-07 14:10:00 | WARN | repo=system-int | action=commit
2025-08-03 14:25:00 | INFO | repo=system-int | action=test | passed=true
2025-12-09 08:42:00 | DEBUG | repo=system-int | action=pull
2025-09-03 09:20:00 | INFO | repo=system-int | action=commit
2025-07-03 08:58:00 | WARN | repo=system-int | action=pull
2025-09-14 15:16:00 | INFO | repo=system-int | action=commit
2025-06-18 16:35:00 | INFO | repo=system-int | action=commit
2025-02-22 08:24:00 | INFO | repo=system-int | action=edit | files=2
2025-12-01 17:47:00 | WARN | repo=system-int | action=commit
2025-05-12 16:13:00 | WARN | repo=system-int | action=pull
2025-08-14 08:26:00 | DEBUG | repo=system-int | action=commit
2025-12-19 16:05:00 | WARN | repo=system-int | action=commit
2025-05-02 07:31:00 | DEBUG | repo=system-int | action=commit
2025-04-25 16:28:00 | DEBUG | repo=system-int | action=commit
2025-07-08 13:22:00 | INFO | repo=system-int | action=commit
2025-10-16 08:35:00 | INFO | repo=system-int | action=commit
2025-02-24 07:33:00 | WARN | repo=system-int | action=commit
2025-02-19 14:01:00 | WARN | repo=system-int | action=commit
2025-03-07 10:55:00 | INFO | repo=system-int | action=commit
2025-05-08 12:33:00 | WARN | repo=system-int | action=commit
2025-01-21 08:56:00 | INFO | repo=system-int | action=commit
2025-12-23 14:51:00 | INFO | repo=system-int | action=commit
2025-05-15 17:50:00 | INFO | repo=system-int | action=commit
2025-09-28 21:27:00 | DEBUG | repo=system-int | action=commit
2025-06-13 08:57:00 | INFO | repo=system-int | action=test | passed=true
2025-08-06 07:30:00 | INFO | repo=system-int | action=commit
2025-05-09 09:51:00 | INFO | repo=system-int | action=edit | files=5
2025-09-05 10:10:00 | DEBUG | repo=system-int | action=commit
2025-04-16 08:28:00 | DEBUG | repo=system-int | action=commit
2025-09-25 12:06:00 | WARN | repo=system-int | action=commit
2025-10-16 08:26:00 | WARN | repo=system-int | action=commit
2025-05-08 09:12:00 | WARN | repo=system-int | action=edit | files=4
2025-01-28 10:44:00 | WARN | repo=system-int | action=test | passed=true
2025-02-17 14:24:00 | INFO | repo=system-int | action=commit
2025-08-16 07:54:00 | DEBUG | repo=system-int | action=commit
2025-08-15 20:15:00 | DEBUG | repo=system-int | action=commit
2025-07-03 07:07:00 | WARN | repo=system-int | action=commit
2025-04-28 19:39:00 | INFO | repo=system-int | action=commit
2025-04-12 18:21:00 | INFO | repo=system-int | action=commit
2025-07-10 08:38:00 | INFO | repo=system-int | action=commit
2025-01-06 18:15:00 | INFO | repo=system-int | action=commit
2025-04-01 11:13:00 | INFO | repo=system-int | action=commit
2025-09-19 08:38:00 | DEBUG | repo=system-int | action=commit
2025-12-01 09:30:00 | WARN | repo=system-int | action=commit
2025-02-10 07:47:00 | DEBUG | repo=system-int | action=commit
2025-11-20 09:56:00 | WARN | repo=system-int | action=commit
2025-02-14 17:46:00 | INFO | repo=system-int | action=commit
2025-09-28 08:18:00 | WARN | repo=system-int | action=commit
2025-09-16 15:08:00 | DEBUG | repo=system-int | action=commit
2025-06-20 10:39:00 | INFO | repo=system-int | action=commit
2025-04-17 20:15:00 | DEBUG | repo=system-int | action=pull
2025-09-13 17:59:00 | WARN | repo=system-int | action=commit
2025-08-09 10:16:00 | WARN | repo=system-int | action=commit
2025-01-20 07:41:00 | INFO | repo=system-int | action=commit
2025-08-16 18:17:00 | INFO | repo=system-int | action=pull
2025-02-07 12:48:00 | DEBUG | repo=system-int | action=test | passed=true
2025-10-04 21:34:00 | DEBUG | repo=system-int | action=commit
2025-06-02 08:45:00 | INFO | repo=system-int | action=edit | files=5
2025-05-17 18:10:00 | DEBUG | repo=system-int | action=pull
2025-07-15 15:41:00 | INFO | repo=system-int | action=commit
2025-07-07 13:12:00 | DEBUG | repo=system-int | action=commit
2025-04-11 07:35:00 | DEBUG | repo=system-int | action=commit
2025-12-08 11:17:00 | INFO | repo=system-int | action=pull
2025-05-20 19:58:00 | INFO | repo=system-int | action=commit
2025-02-15 13:21:00 | WARN | repo=system-int | action=pull
2025-01-16 07:25:00 | INFO | repo=system-int | action=test | passed=true
2025-10-07 21:27:00 | DEBUG | repo=system-int | action=commit
2025-12-19 08:39:00 | WARN | repo=system-int | action=edit | files=5
2025-03-25 15:37:00 | WARN | repo=system-int | action=commit
2025-08-05 20:37:00 | INFO | repo=system-int | action=commit
2025-01-10 16:23:00 | DEBUG | repo=system-int | action=commit
2025-12-04 13:54:00 | INFO | repo=system-int | action=commit
